<?xml version="1.0" encoding="UTF-8"?>
<!-- Generated by org.testng.reporters.JUnitXMLReporter -->
<testsuite hostname="DESKTOP-B1G6RI0" name="Command line test" tests="4" failures="0" timestamp="27 Jun 2018 20:48:06 GMT" time="0.048" errors="0">
  <testcase name="a" time="0.015" classname="group.artifact.TestNGClass"/>
  <testcase name="b" time="0.0" classname="group.artifact.TestNGClass"/>
  <testcase name="c" time="0.001" classname="group.artifact.TestNGClass"/>
  <testcase name="d" time="0.0" classname="group.artifact.TestNGClass"/>
</testsuite> <!-- Command line test -->
